0 info it worked if it ends with ok
1 verbose cli [ 'C:\\Program Files (x86)\\nodejs\\\\node.exe',
1 verbose cli   'C:\\Program Files (x86)\\nodejs\\node_modules\\npm\\bin\\npm-cli.js',
1 verbose cli   'install',
1 verbose cli   '--save',
1 verbose cli   'iconv' ]
2 info using npm@2.5.1
3 info using node@v0.12.0
4 verbose node symlink C:\Program Files (x86)\nodejs\\node.exe
5 warn package.json shenkar_ws2@1.0.0 No description
6 warn package.json shenkar_ws2@1.0.0 No README data
7 warn package.json url@0.10.3 url is also the name of a node core module.
8 silly cache add args [ 'iconv', null ]
9 verbose cache add spec iconv
10 silly cache add parsed spec { raw: 'iconv',
10 silly cache add   scope: null,
10 silly cache add   name: 'iconv',
10 silly cache add   rawSpec: '',
10 silly cache add   spec: '*',
10 silly cache add   type: 'range' }
11 verbose addNamed iconv@*
12 silly addNamed semver.valid null
13 silly addNamed semver.validRange *
14 silly addNameRange { name: 'iconv', range: '*', hasData: false }
15 silly mapToRegistry name iconv
16 silly mapToRegistry using default registry
17 silly mapToRegistry registry https://registry.npmjs.org/
18 silly mapToRegistry uri https://registry.npmjs.org/iconv
19 verbose addNameRange registry:https://registry.npmjs.org/iconv not in flight; fetching
20 verbose request uri https://registry.npmjs.org/iconv
21 verbose request no auth needed
22 info attempt registry request try #1 at 2:45:01 PM
23 verbose request id dc425e3acee33ecc
24 verbose etag "AE54KICKDNLOB6S3TCHL51XT9"
25 http request GET https://registry.npmjs.org/iconv
26 http 304 https://registry.npmjs.org/iconv
27 silly get cb [ 304,
27 silly get   { date: 'Thu, 21 May 2015 11:45:02 GMT',
27 silly get     via: '1.1 varnish',
27 silly get     'cache-control': 'max-age=60',
27 silly get     etag: '"AE54KICKDNLOB6S3TCHL51XT9"',
27 silly get     age: '0',
27 silly get     connection: 'keep-alive',
27 silly get     'x-served-by': 'cache-lhr6334-LHR',
27 silly get     'x-cache': 'HIT',
27 silly get     'x-cache-hits': '1',
27 silly get     'x-timer': 'S1432208702.672745,VS0,VE86',
27 silly get     vary: 'Accept' } ]
28 verbose etag https://registry.npmjs.org/iconv from cache
29 verbose get saving iconv to C:\Users\חיים\AppData\Roaming\npm-cache\registry.npmjs.org\iconv\.cache.json
30 silly addNameRange number 2 { name: 'iconv', range: '*', hasData: true }
31 silly addNameRange versions [ 'iconv',
31 silly addNameRange   [ '1.0.0',
31 silly addNameRange     '1.0.1',
31 silly addNameRange     '1.1.0',
31 silly addNameRange     '1.1.1',
31 silly addNameRange     '1.1.2',
31 silly addNameRange     '1.1.3',
31 silly addNameRange     '1.2.0',
31 silly addNameRange     '1.2.1',
31 silly addNameRange     '1.2.2',
31 silly addNameRange     '1.2.3',
31 silly addNameRange     '1.2.4',
31 silly addNameRange     '2.0.0',
31 silly addNameRange     '2.0.1',
31 silly addNameRange     '2.0.2',
31 silly addNameRange     '2.0.3',
31 silly addNameRange     '2.0.4',
31 silly addNameRange     '2.0.5',
31 silly addNameRange     '2.0.6',
31 silly addNameRange     '2.0.7',
31 silly addNameRange     '2.1.0',
31 silly addNameRange     '2.1.1',
31 silly addNameRange     '2.1.2',
31 silly addNameRange     '2.1.3',
31 silly addNameRange     '2.1.4',
31 silly addNameRange     '2.1.5',
31 silly addNameRange     '2.1.6',
31 silly addNameRange     '2.1.7' ] ]
32 verbose addNamed iconv@2.1.7
33 silly addNamed semver.valid 2.1.7
34 silly addNamed semver.validRange 2.1.7
35 silly cache afterAdd iconv@2.1.7
36 verbose afterAdd C:\Users\חיים\AppData\Roaming\npm-cache\iconv\2.1.7\package\package.json not in flight; writing
37 verbose afterAdd C:\Users\חיים\AppData\Roaming\npm-cache\iconv\2.1.7\package\package.json written
38 silly install resolved [ { name: 'iconv',
38 silly install resolved     main: './lib/iconv',
38 silly install resolved     version: '2.1.7',
38 silly install resolved     description: 'Text recoding in JavaScript for fun and profit!',
38 silly install resolved     homepage: 'https://github.com/bnoordhuis/node-iconv',
38 silly install resolved     repository:
38 silly install resolved      { type: 'git',
38 silly install resolved        url: 'git://github.com/bnoordhuis/node-iconv.git' },
38 silly install resolved     author: { name: 'Ben Noordhuis', email: 'info@bnoordhuis.nl' },
38 silly install resolved     engines: { node: '>=0.8.0' },
38 silly install resolved     license: 'ISC',
38 silly install resolved     dependencies: { nan: '~1.8.0' },
38 silly install resolved     devDependencies: { tap: '~0.4.8' },
38 silly install resolved     scripts: { test: 'tap test/test-*.js', install: 'node-gyp rebuild' },
38 silly install resolved     gypfile: true,
38 silly install resolved     gitHead: 'c3c86e5060d08173611f5b5813a110c6557b5d0d',
38 silly install resolved     bugs: { url: 'https://github.com/bnoordhuis/node-iconv/issues' },
38 silly install resolved     _id: 'iconv@2.1.7',
38 silly install resolved     _shasum: '6909c474c2f538be0a1eee19a8f0f88047220822',
38 silly install resolved     _from: 'iconv@*',
38 silly install resolved     _npmVersion: '2.9.0',
38 silly install resolved     _nodeVersion: '2.0.1',
38 silly install resolved     _npmUser: { name: 'bnoordhuis', email: 'info@bnoordhuis.nl' },
38 silly install resolved     maintainers: [ [Object] ],
38 silly install resolved     dist:
38 silly install resolved      { shasum: '6909c474c2f538be0a1eee19a8f0f88047220822',
38 silly install resolved        tarball: 'http://registry.npmjs.org/iconv/-/iconv-2.1.7.tgz' },
38 silly install resolved     directories: {},
38 silly install resolved     _resolved: 'https://registry.npmjs.org/iconv/-/iconv-2.1.7.tgz',
38 silly install resolved     readme: 'ERROR: No README data found!' } ]
39 info install iconv@2.1.7 into C:\Users\חיים\Documents\GitHub\shenkar_ws2
40 info installOne iconv@2.1.7
41 verbose installOne of iconv to C:\Users\חיים\Documents\GitHub\shenkar_ws2 not in flight; installing
42 verbose lock using C:\Users\חיים\AppData\Roaming\npm-cache\_locks\iconv-f7807149dd947299.lock for C:\Users\חיים\Documents\GitHub\shenkar_ws2\node_modules\iconv
43 silly install write writing iconv 2.1.7 to C:\Users\חיים\Documents\GitHub\shenkar_ws2\node_modules\iconv
44 silly cache addNamed cb iconv@2.1.7
45 verbose unbuild node_modules\iconv
46 verbose gentlyRm vacuuming C:\Users\חיים\Documents\GitHub\shenkar_ws2\node_modules\iconv
47 verbose tar unpack C:\Users\חיים\AppData\Roaming\npm-cache\iconv\2.1.7\package.tgz
48 verbose tar unpacking to C:\Users\חיים\Documents\GitHub\shenkar_ws2\node_modules\iconv
49 verbose gentlyRm vacuuming C:\Users\חיים\Documents\GitHub\shenkar_ws2\node_modules\iconv
50 silly gunzTarPerm modes [ '777', '666' ]
51 silly gunzTarPerm extractEntry package.json
52 silly gunzTarPerm modified mode [ 'package.json', 436, 438 ]
53 silly gunzTarPerm extractEntry .npmignore
54 silly gunzTarPerm modified mode [ '.npmignore', 436, 438 ]
55 silly gunzTarPerm extractEntry README.md
56 silly gunzTarPerm modified mode [ 'README.md', 436, 438 ]
57 silly gunzTarPerm extractEntry LICENSE
58 silly gunzTarPerm modified mode [ 'LICENSE', 436, 438 ]
59 silly gunzTarPerm extractEntry binding.gyp
60 silly gunzTarPerm modified mode [ 'binding.gyp', 436, 438 ]
61 silly gunzTarPerm extractEntry deps/libiconv/README
62 silly gunzTarPerm modified mode [ 'deps/libiconv/README', 436, 438 ]
63 silly gunzTarPerm extractEntry deps/libiconv/INSTALL.generic
64 silly gunzTarPerm modified mode [ 'deps/libiconv/INSTALL.generic', 436, 438 ]
65 silly gunzTarPerm extractEntry deps/libiconv/COPYING
66 silly gunzTarPerm modified mode [ 'deps/libiconv/COPYING', 436, 438 ]
67 silly gunzTarPerm extractEntry deps/libiconv/COPYING.LIB
68 silly gunzTarPerm modified mode [ 'deps/libiconv/COPYING.LIB', 436, 438 ]
69 silly gunzTarPerm extractEntry deps/libiconv/ChangeLog
70 silly gunzTarPerm modified mode [ 'deps/libiconv/ChangeLog', 436, 438 ]
71 silly gunzTarPerm extractEntry deps/libiconv/DEPENDENCIES
72 silly gunzTarPerm modified mode [ 'deps/libiconv/DEPENDENCIES', 436, 438 ]
73 silly gunzTarPerm extractEntry deps/libiconv/DESIGN
74 silly gunzTarPerm modified mode [ 'deps/libiconv/DESIGN', 436, 438 ]
75 silly gunzTarPerm extractEntry deps/libiconv/HACKING
76 silly gunzTarPerm modified mode [ 'deps/libiconv/HACKING', 436, 438 ]
77 silly gunzTarPerm extractEntry deps/libiconv/AUTHORS
78 silly gunzTarPerm modified mode [ 'deps/libiconv/AUTHORS', 436, 438 ]
79 silly gunzTarPerm extractEntry deps/libiconv/NEWS
80 silly gunzTarPerm modified mode [ 'deps/libiconv/NEWS', 436, 438 ]
81 silly gunzTarPerm extractEntry deps/libiconv/NOTES
82 silly gunzTarPerm modified mode [ 'deps/libiconv/NOTES', 436, 438 ]
83 silly gunzTarPerm extractEntry deps/libiconv/PORTS
84 silly gunzTarPerm modified mode [ 'deps/libiconv/PORTS', 436, 438 ]
85 silly gunzTarPerm extractEntry deps/libiconv/ABOUT-NLS
86 silly gunzTarPerm modified mode [ 'deps/libiconv/ABOUT-NLS', 436, 438 ]
87 silly gunzTarPerm extractEntry deps/libiconv/README.woe32
88 silly gunzTarPerm modified mode [ 'deps/libiconv/README.woe32', 436, 438 ]
89 silly gunzTarPerm extractEntry deps/libiconv/THANKS
90 silly gunzTarPerm modified mode [ 'deps/libiconv/THANKS', 436, 438 ]
91 silly gunzTarPerm extractEntry deps/libiconv/lib/euc_tw.h
92 silly gunzTarPerm modified mode [ 'deps/libiconv/lib/euc_tw.h', 436, 438 ]
93 silly gunzTarPerm extractEntry deps/libiconv/lib/aliases.gperf
94 silly gunzTarPerm modified mode [ 'deps/libiconv/lib/aliases.gperf', 436, 438 ]
95 silly gunzTarPerm extractEntry deps/libiconv/lib/aliases2.h
96 silly gunzTarPerm modified mode [ 'deps/libiconv/lib/aliases2.h', 436, 438 ]
97 silly gunzTarPerm extractEntry deps/libiconv/lib/aliases_aix.h
98 silly gunzTarPerm modified mode [ 'deps/libiconv/lib/aliases_aix.h', 436, 438 ]
99 silly gunzTarPerm extractEntry deps/libiconv/lib/aliases_aix_sysaix.h
100 silly gunzTarPerm modified mode [ 'deps/libiconv/lib/aliases_aix_sysaix.h', 436, 438 ]
101 silly gunzTarPerm extractEntry deps/libiconv/lib/aliases_dos.h
102 silly gunzTarPerm modified mode [ 'deps/libiconv/lib/aliases_dos.h', 436, 438 ]
103 silly gunzTarPerm extractEntry deps/libiconv/lib/aliases_extra.h
104 silly gunzTarPerm modified mode [ 'deps/libiconv/lib/aliases_extra.h', 436, 438 ]
105 silly gunzTarPerm extractEntry deps/libiconv/lib/aliases_osf1.h
106 silly gunzTarPerm modified mode [ 'deps/libiconv/lib/aliases_osf1.h', 436, 438 ]
107 silly gunzTarPerm extractEntry deps/libiconv/lib/aliases_osf1_sysosf1.h
108 silly gunzTarPerm modified mode [ 'deps/libiconv/lib/aliases_osf1_sysosf1.h', 436, 438 ]
109 silly gunzTarPerm extractEntry deps/libiconv/lib/aliases_sysaix.gperf
110 silly gunzTarPerm modified mode [ 'deps/libiconv/lib/aliases_sysaix.gperf', 436, 438 ]
111 silly gunzTarPerm extractEntry deps/libiconv/lib/aliases_sysaix.h
112 silly gunzTarPerm modified mode [ 'deps/libiconv/lib/aliases_sysaix.h', 436, 438 ]
113 silly gunzTarPerm extractEntry deps/libiconv/lib/aliases_syshpux.gperf
114 silly gunzTarPerm modified mode [ 'deps/libiconv/lib/aliases_syshpux.gperf', 436, 438 ]
115 silly gunzTarPerm extractEntry deps/libiconv/lib/aliases_syshpux.h
116 silly gunzTarPerm modified mode [ 'deps/libiconv/lib/aliases_syshpux.h', 436, 438 ]
117 silly gunzTarPerm extractEntry deps/libiconv/lib/aliases_sysosf1.gperf
118 silly gunzTarPerm modified mode [ 'deps/libiconv/lib/aliases_sysosf1.gperf', 436, 438 ]
119 silly gunzTarPerm extractEntry deps/libiconv/lib/aliases_sysosf1.h
120 silly gunzTarPerm modified mode [ 'deps/libiconv/lib/aliases_sysosf1.h', 436, 438 ]
121 silly gunzTarPerm extractEntry deps/libiconv/lib/aliases_syssolaris.gperf
122 silly gunzTarPerm modified mode [ 'deps/libiconv/lib/aliases_syssolaris.gperf', 436, 438 ]
123 silly gunzTarPerm extractEntry deps/libiconv/lib/aliases_syssolaris.h
124 silly gunzTarPerm modified mode [ 'deps/libiconv/lib/aliases_syssolaris.h', 436, 438 ]
125 silly gunzTarPerm extractEntry deps/libiconv/lib/armscii_8.h
126 silly gunzTarPerm modified mode [ 'deps/libiconv/lib/armscii_8.h', 436, 438 ]
127 silly gunzTarPerm extractEntry deps/libiconv/lib/ascii.h
128 silly gunzTarPerm modified mode [ 'deps/libiconv/lib/ascii.h', 436, 438 ]
129 silly gunzTarPerm extractEntry deps/libiconv/lib/atarist.h
130 silly gunzTarPerm modified mode [ 'deps/libiconv/lib/atarist.h', 436, 438 ]
131 silly gunzTarPerm extractEntry deps/libiconv/lib/big5.h
132 silly gunzTarPerm modified mode [ 'deps/libiconv/lib/big5.h', 436, 438 ]
133 silly gunzTarPerm extractEntry deps/libiconv/lib/big5_2003.h
134 silly gunzTarPerm modified mode [ 'deps/libiconv/lib/big5_2003.h', 436, 438 ]
135 silly gunzTarPerm extractEntry deps/libiconv/lib/big5hkscs1999.h
136 silly gunzTarPerm modified mode [ 'deps/libiconv/lib/big5hkscs1999.h', 436, 438 ]
137 silly gunzTarPerm extractEntry deps/libiconv/lib/big5hkscs2001.h
138 silly gunzTarPerm modified mode [ 'deps/libiconv/lib/big5hkscs2001.h', 436, 438 ]
139 silly gunzTarPerm extractEntry deps/libiconv/lib/big5hkscs2004.h
140 silly gunzTarPerm modified mode [ 'deps/libiconv/lib/big5hkscs2004.h', 436, 438 ]
141 silly gunzTarPerm extractEntry deps/libiconv/lib/big5hkscs2008.h
142 silly gunzTarPerm modified mode [ 'deps/libiconv/lib/big5hkscs2008.h', 436, 438 ]
143 silly gunzTarPerm extractEntry deps/libiconv/lib/c99.h
144 silly gunzTarPerm modified mode [ 'deps/libiconv/lib/c99.h', 436, 438 ]
145 silly gunzTarPerm extractEntry deps/libiconv/lib/canonical.h
146 silly gunzTarPerm modified mode [ 'deps/libiconv/lib/canonical.h', 436, 438 ]
147 silly gunzTarPerm extractEntry deps/libiconv/lib/canonical_aix.h
148 silly gunzTarPerm modified mode [ 'deps/libiconv/lib/canonical_aix.h', 436, 438 ]
149 silly gunzTarPerm extractEntry deps/libiconv/lib/canonical_aix_sysaix.h
150 silly gunzTarPerm modified mode [ 'deps/libiconv/lib/canonical_aix_sysaix.h', 436, 438 ]
151 silly gunzTarPerm extractEntry deps/libiconv/lib/canonical_dos.h
152 silly gunzTarPerm modified mode [ 'deps/libiconv/lib/canonical_dos.h', 436, 438 ]
153 silly gunzTarPerm extractEntry deps/libiconv/lib/canonical_extra.h
154 silly gunzTarPerm modified mode [ 'deps/libiconv/lib/canonical_extra.h', 436, 438 ]
155 silly gunzTarPerm extractEntry deps/libiconv/lib/canonical_local.h
156 silly gunzTarPerm modified mode [ 'deps/libiconv/lib/canonical_local.h', 436, 438 ]
157 silly gunzTarPerm extractEntry deps/libiconv/lib/canonical_local_sysaix.h
158 silly gunzTarPerm modified mode [ 'deps/libiconv/lib/canonical_local_sysaix.h', 436, 438 ]
159 silly gunzTarPerm extractEntry deps/libiconv/lib/canonical_local_syshpux.h
160 silly gunzTarPerm modified mode [ 'deps/libiconv/lib/canonical_local_syshpux.h', 436, 438 ]
161 silly gunzTarPerm extractEntry deps/libiconv/lib/canonical_local_sysosf1.h
162 silly gunzTarPerm modified mode [ 'deps/libiconv/lib/canonical_local_sysosf1.h', 436, 438 ]
163 silly gunzTarPerm extractEntry deps/libiconv/lib/canonical_local_syssolaris.h
164 silly gunzTarPerm modified mode [ 'deps/libiconv/lib/canonical_local_syssolaris.h', 436, 438 ]
165 silly gunzTarPerm extractEntry deps/libiconv/lib/canonical_osf1.h
166 silly gunzTarPerm modified mode [ 'deps/libiconv/lib/canonical_osf1.h', 436, 438 ]
167 silly gunzTarPerm extractEntry deps/libiconv/lib/canonical_osf1_sysosf1.h
168 silly gunzTarPerm modified mode [ 'deps/libiconv/lib/canonical_osf1_sysosf1.h', 436, 438 ]
169 silly gunzTarPerm extractEntry deps/libiconv/lib/canonical_sysaix.h
170 silly gunzTarPerm modified mode [ 'deps/libiconv/lib/canonical_sysaix.h', 436, 438 ]
171 silly gunzTarPerm extractEntry deps/libiconv/lib/canonical_syshpux.h
172 silly gunzTarPerm modified mode [ 'deps/libiconv/lib/canonical_syshpux.h', 436, 438 ]
173 silly gunzTarPerm extractEntry deps/libiconv/lib/canonical_sysosf1.h
174 silly gunzTarPerm modified mode [ 'deps/libiconv/lib/canonical_sysosf1.h', 436, 438 ]
175 silly gunzTarPerm extractEntry deps/libiconv/lib/canonical_syssolaris.h
176 silly gunzTarPerm modified mode [ 'deps/libiconv/lib/canonical_syssolaris.h', 436, 438 ]
177 silly gunzTarPerm extractEntry deps/libiconv/lib/ces_big5.h
178 silly gunzTarPerm modified mode [ 'deps/libiconv/lib/ces_big5.h', 436, 438 ]
179 silly gunzTarPerm extractEntry deps/libiconv/lib/ces_gbk.h
180 silly gunzTarPerm modified mode [ 'deps/libiconv/lib/ces_gbk.h', 436, 438 ]
181 silly gunzTarPerm extractEntry deps/libiconv/lib/cjk_variants.h
182 silly gunzTarPerm modified mode [ 'deps/libiconv/lib/cjk_variants.h', 436, 438 ]
183 silly gunzTarPerm extractEntry deps/libiconv/lib/cns11643.h
184 silly gunzTarPerm modified mode [ 'deps/libiconv/lib/cns11643.h', 436, 438 ]
185 silly gunzTarPerm extractEntry deps/libiconv/lib/cns11643_1.h
186 silly gunzTarPerm modified mode [ 'deps/libiconv/lib/cns11643_1.h', 436, 438 ]
187 silly gunzTarPerm extractEntry deps/libiconv/lib/cns11643_15.h
188 silly gunzTarPerm modified mode [ 'deps/libiconv/lib/cns11643_15.h', 436, 438 ]
189 silly gunzTarPerm extractEntry deps/libiconv/lib/cns11643_2.h
190 silly gunzTarPerm modified mode [ 'deps/libiconv/lib/cns11643_2.h', 436, 438 ]
191 silly gunzTarPerm extractEntry deps/libiconv/lib/cns11643_3.h
192 silly gunzTarPerm modified mode [ 'deps/libiconv/lib/cns11643_3.h', 436, 438 ]
193 silly gunzTarPerm extractEntry deps/libiconv/lib/cns11643_4.h
194 silly gunzTarPerm modified mode [ 'deps/libiconv/lib/cns11643_4.h', 436, 438 ]
195 silly gunzTarPerm extractEntry deps/libiconv/lib/cns11643_4a.h
196 silly gunzTarPerm modified mode [ 'deps/libiconv/lib/cns11643_4a.h', 436, 438 ]
197 silly gunzTarPerm extractEntry deps/libiconv/lib/cns11643_4b.h
198 silly gunzTarPerm modified mode [ 'deps/libiconv/lib/cns11643_4b.h', 436, 438 ]
199 silly gunzTarPerm extractEntry deps/libiconv/lib/cns11643_5.h
200 silly gunzTarPerm modified mode [ 'deps/libiconv/lib/cns11643_5.h', 436, 438 ]
201 silly gunzTarPerm extractEntry deps/libiconv/lib/cns11643_6.h
202 silly gunzTarPerm modified mode [ 'deps/libiconv/lib/cns11643_6.h', 436, 438 ]
203 silly gunzTarPerm extractEntry deps/libiconv/lib/cns11643_7.h
204 silly gunzTarPerm modified mode [ 'deps/libiconv/lib/cns11643_7.h', 436, 438 ]
205 silly gunzTarPerm extractEntry deps/libiconv/lib/cns11643_inv.h
206 silly gunzTarPerm modified mode [ 'deps/libiconv/lib/cns11643_inv.h', 436, 438 ]
207 silly gunzTarPerm extractEntry deps/libiconv/lib/converters.h
208 silly gunzTarPerm modified mode [ 'deps/libiconv/lib/converters.h', 436, 438 ]
209 silly gunzTarPerm extractEntry deps/libiconv/lib/cp1046.h
210 silly gunzTarPerm modified mode [ 'deps/libiconv/lib/cp1046.h', 436, 438 ]
211 silly gunzTarPerm extractEntry deps/libiconv/lib/cp1124.h
212 silly gunzTarPerm modified mode [ 'deps/libiconv/lib/cp1124.h', 436, 438 ]
213 silly gunzTarPerm extractEntry deps/libiconv/lib/cp1125.h
214 silly gunzTarPerm modified mode [ 'deps/libiconv/lib/cp1125.h', 436, 438 ]
215 silly gunzTarPerm extractEntry deps/libiconv/lib/cp1129.h
216 silly gunzTarPerm modified mode [ 'deps/libiconv/lib/cp1129.h', 436, 438 ]
217 silly gunzTarPerm extractEntry deps/libiconv/lib/cp1131.h
218 silly gunzTarPerm modified mode [ 'deps/libiconv/lib/cp1131.h', 436, 438 ]
219 silly gunzTarPerm extractEntry deps/libiconv/lib/cp1133.h
220 silly gunzTarPerm modified mode [ 'deps/libiconv/lib/cp1133.h', 436, 438 ]
221 silly gunzTarPerm extractEntry deps/libiconv/lib/cp1161.h
222 silly gunzTarPerm modified mode [ 'deps/libiconv/lib/cp1161.h', 436, 438 ]
223 silly gunzTarPerm extractEntry deps/libiconv/lib/cp1162.h
224 silly gunzTarPerm modified mode [ 'deps/libiconv/lib/cp1162.h', 436, 438 ]
225 silly gunzTarPerm extractEntry deps/libiconv/lib/cp1163.h
226 silly gunzTarPerm modified mode [ 'deps/libiconv/lib/cp1163.h', 436, 438 ]
227 silly gunzTarPerm extractEntry deps/libiconv/lib/cp1250.h
228 silly gunzTarPerm modified mode [ 'deps/libiconv/lib/cp1250.h', 436, 438 ]
229 silly gunzTarPerm extractEntry deps/libiconv/lib/cp1251.h
230 silly gunzTarPerm modified mode [ 'deps/libiconv/lib/cp1251.h', 436, 438 ]
231 silly gunzTarPerm extractEntry deps/libiconv/lib/cp1252.h
232 silly gunzTarPerm modified mode [ 'deps/libiconv/lib/cp1252.h', 436, 438 ]
233 silly gunzTarPerm extractEntry deps/libiconv/lib/cp1253.h
234 silly gunzTarPerm modified mode [ 'deps/libiconv/lib/cp1253.h', 436, 438 ]
235 silly gunzTarPerm extractEntry deps/libiconv/lib/cp1254.h
236 silly gunzTarPerm modified mode [ 'deps/libiconv/lib/cp1254.h', 436, 438 ]
237 silly gunzTarPerm extractEntry deps/libiconv/lib/cp1255.h
238 silly gunzTarPerm modified mode [ 'deps/libiconv/lib/cp1255.h', 436, 438 ]
239 silly gunzTarPerm extractEntry deps/libiconv/lib/cp1256.h
240 silly gunzTarPerm modified mode [ 'deps/libiconv/lib/cp1256.h', 436, 438 ]
241 silly gunzTarPerm extractEntry deps/libiconv/lib/cp1257.h
242 silly gunzTarPerm modified mode [ 'deps/libiconv/lib/cp1257.h', 436, 438 ]
243 silly gunzTarPerm extractEntry deps/libiconv/lib/cp1258.h
244 silly gunzTarPerm modified mode [ 'deps/libiconv/lib/cp1258.h', 436, 438 ]
245 silly gunzTarPerm extractEntry deps/libiconv/lib/cp437.h
246 silly gunzTarPerm modified mode [ 'deps/libiconv/lib/cp437.h', 436, 438 ]
247 silly gunzTarPerm extractEntry deps/libiconv/lib/cp737.h
248 silly gunzTarPerm modified mode [ 'deps/libiconv/lib/cp737.h', 436, 438 ]
249 silly gunzTarPerm extractEntry deps/libiconv/lib/cp775.h
250 silly gunzTarPerm modified mode [ 'deps/libiconv/lib/cp775.h', 436, 438 ]
251 silly gunzTarPerm extractEntry deps/libiconv/lib/cp850.h
252 silly gunzTarPerm modified mode [ 'deps/libiconv/lib/cp850.h', 436, 438 ]
253 silly gunzTarPerm extractEntry deps/libiconv/lib/cp852.h
254 silly gunzTarPerm modified mode [ 'deps/libiconv/lib/cp852.h', 436, 438 ]
255 silly gunzTarPerm extractEntry deps/libiconv/lib/cp853.h
256 silly gunzTarPerm modified mode [ 'deps/libiconv/lib/cp853.h', 436, 438 ]
257 silly gunzTarPerm extractEntry deps/libiconv/lib/cp855.h
258 silly gunzTarPerm modified mode [ 'deps/libiconv/lib/cp855.h', 436, 438 ]
259 silly gunzTarPerm extractEntry deps/libiconv/lib/cp856.h
260 silly gunzTarPerm modified mode [ 'deps/libiconv/lib/cp856.h', 436, 438 ]
261 silly gunzTarPerm extractEntry deps/libiconv/lib/cp857.h
262 silly gunzTarPerm modified mode [ 'deps/libiconv/lib/cp857.h', 436, 438 ]
263 silly gunzTarPerm extractEntry deps/libiconv/lib/cp858.h
264 silly gunzTarPerm modified mode [ 'deps/libiconv/lib/cp858.h', 436, 438 ]
265 silly gunzTarPerm extractEntry deps/libiconv/lib/cp860.h
266 silly gunzTarPerm modified mode [ 'deps/libiconv/lib/cp860.h', 436, 438 ]
267 silly gunzTarPerm extractEntry deps/libiconv/lib/cp861.h
268 silly gunzTarPerm modified mode [ 'deps/libiconv/lib/cp861.h', 436, 438 ]
269 silly gunzTarPerm extractEntry deps/libiconv/lib/cp862.h
270 silly gunzTarPerm modified mode [ 'deps/libiconv/lib/cp862.h', 436, 438 ]
271 silly gunzTarPerm extractEntry deps/libiconv/lib/cp863.h
272 silly gunzTarPerm modified mode [ 'deps/libiconv/lib/cp863.h', 436, 438 ]
273 silly gunzTarPerm extractEntry deps/libiconv/lib/cp864.h
274 silly gunzTarPerm modified mode [ 'deps/libiconv/lib/cp864.h', 436, 438 ]
275 silly gunzTarPerm extractEntry deps/libiconv/lib/cp865.h
276 silly gunzTarPerm modified mode [ 'deps/libiconv/lib/cp865.h', 436, 438 ]
277 silly gunzTarPerm extractEntry deps/libiconv/lib/cp866.h
278 silly gunzTarPerm modified mode [ 'deps/libiconv/lib/cp866.h', 436, 438 ]
279 silly gunzTarPerm extractEntry deps/libiconv/lib/cp869.h
280 silly gunzTarPerm modified mode [ 'deps/libiconv/lib/cp869.h', 436, 438 ]
281 silly gunzTarPerm extractEntry deps/libiconv/lib/cp874.h
282 silly gunzTarPerm modified mode [ 'deps/libiconv/lib/cp874.h', 436, 438 ]
283 silly gunzTarPerm extractEntry deps/libiconv/lib/cp922.h
284 silly gunzTarPerm modified mode [ 'deps/libiconv/lib/cp922.h', 436, 438 ]
285 silly gunzTarPerm extractEntry deps/libiconv/lib/cp932.h
286 silly gunzTarPerm modified mode [ 'deps/libiconv/lib/cp932.h', 436, 438 ]
287 silly gunzTarPerm extractEntry deps/libiconv/lib/cp932ext.h
288 silly gunzTarPerm modified mode [ 'deps/libiconv/lib/cp932ext.h', 436, 438 ]
289 silly gunzTarPerm extractEntry deps/libiconv/lib/cp936.h
290 silly gunzTarPerm modified mode [ 'deps/libiconv/lib/cp936.h', 436, 438 ]
291 silly gunzTarPerm extractEntry deps/libiconv/lib/cp936ext.h
292 silly gunzTarPerm modified mode [ 'deps/libiconv/lib/cp936ext.h', 436, 438 ]
293 silly gunzTarPerm extractEntry deps/libiconv/lib/cp943.h
294 silly gunzTarPerm modified mode [ 'deps/libiconv/lib/cp943.h', 436, 438 ]
295 silly gunzTarPerm extractEntry deps/libiconv/lib/cp949.h
296 silly gunzTarPerm modified mode [ 'deps/libiconv/lib/cp949.h', 436, 438 ]
297 silly gunzTarPerm extractEntry deps/libiconv/lib/cp950.h
298 silly gunzTarPerm modified mode [ 'deps/libiconv/lib/cp950.h', 436, 438 ]
299 silly gunzTarPerm extractEntry deps/libiconv/lib/cp950ext.h
300 silly gunzTarPerm modified mode [ 'deps/libiconv/lib/cp950ext.h', 436, 438 ]
301 silly gunzTarPerm extractEntry deps/libiconv/lib/dec_hanyu.h
302 silly gunzTarPerm modified mode [ 'deps/libiconv/lib/dec_hanyu.h', 436, 438 ]
303 silly gunzTarPerm extractEntry deps/libiconv/lib/dec_kanji.h
304 silly gunzTarPerm modified mode [ 'deps/libiconv/lib/dec_kanji.h', 436, 438 ]
305 silly gunzTarPerm extractEntry deps/libiconv/lib/encodings.def
306 silly gunzTarPerm modified mode [ 'deps/libiconv/lib/encodings.def', 436, 438 ]
307 silly gunzTarPerm extractEntry deps/libiconv/lib/encodings_aix.def
308 silly gunzTarPerm modified mode [ 'deps/libiconv/lib/encodings_aix.def', 436, 438 ]
309 silly gunzTarPerm extractEntry deps/libiconv/lib/encodings_dos.def
310 silly gunzTarPerm modified mode [ 'deps/libiconv/lib/encodings_dos.def', 436, 438 ]
311 silly gunzTarPerm extractEntry deps/libiconv/lib/encodings_extra.def
312 silly gunzTarPerm modified mode [ 'deps/libiconv/lib/encodings_extra.def', 436, 438 ]
313 silly gunzTarPerm extractEntry deps/libiconv/lib/encodings_local.def
314 silly gunzTarPerm modified mode [ 'deps/libiconv/lib/encodings_local.def', 436, 438 ]
315 silly gunzTarPerm extractEntry deps/libiconv/lib/encodings_osf1.def
316 silly gunzTarPerm modified mode [ 'deps/libiconv/lib/encodings_osf1.def', 436, 438 ]
317 silly gunzTarPerm extractEntry deps/libiconv/lib/euc_cn.h
318 silly gunzTarPerm modified mode [ 'deps/libiconv/lib/euc_cn.h', 436, 438 ]
319 silly gunzTarPerm extractEntry deps/libiconv/lib/euc_jisx0213.h
320 silly gunzTarPerm modified mode [ 'deps/libiconv/lib/euc_jisx0213.h', 436, 438 ]
321 silly gunzTarPerm extractEntry deps/libiconv/lib/euc_jp.h
322 silly gunzTarPerm modified mode [ 'deps/libiconv/lib/euc_jp.h', 436, 438 ]
323 silly gunzTarPerm extractEntry deps/libiconv/lib/euc_kr.h
324 silly gunzTarPerm modified mode [ 'deps/libiconv/lib/euc_kr.h', 436, 438 ]
325 silly gunzTarPerm extractEntry deps/libiconv/lib/aliases.h
326 silly gunzTarPerm modified mode [ 'deps/libiconv/lib/aliases.h', 436, 438 ]
327 silly gunzTarPerm extractEntry deps/libiconv/lib/flags.h
328 silly gunzTarPerm modified mode [ 'deps/libiconv/lib/flags.h', 436, 438 ]
329 silly gunzTarPerm extractEntry deps/libiconv/lib/flushwc.h
330 silly gunzTarPerm modified mode [ 'deps/libiconv/lib/flushwc.h', 436, 438 ]
331 silly gunzTarPerm extractEntry deps/libiconv/lib/gb12345.h
332 silly gunzTarPerm modified mode [ 'deps/libiconv/lib/gb12345.h', 436, 438 ]
333 silly gunzTarPerm extractEntry deps/libiconv/lib/gb12345ext.h
334 silly gunzTarPerm modified mode [ 'deps/libiconv/lib/gb12345ext.h', 436, 438 ]
335 silly gunzTarPerm extractEntry deps/libiconv/lib/gb18030.h
336 silly gunzTarPerm modified mode [ 'deps/libiconv/lib/gb18030.h', 436, 438 ]
337 silly gunzTarPerm extractEntry deps/libiconv/lib/gb18030ext.h
338 silly gunzTarPerm modified mode [ 'deps/libiconv/lib/gb18030ext.h', 436, 438 ]
339 silly gunzTarPerm extractEntry deps/libiconv/lib/gb18030uni.h
340 silly gunzTarPerm modified mode [ 'deps/libiconv/lib/gb18030uni.h', 436, 438 ]
341 silly gunzTarPerm extractEntry deps/libiconv/lib/gb2312.h
342 silly gunzTarPerm modified mode [ 'deps/libiconv/lib/gb2312.h', 436, 438 ]
343 silly gunzTarPerm extractEntry deps/libiconv/lib/gbk.h
344 silly gunzTarPerm modified mode [ 'deps/libiconv/lib/gbk.h', 436, 438 ]
345 silly gunzTarPerm extractEntry deps/libiconv/lib/gbkext1.h
346 silly gunzTarPerm modified mode [ 'deps/libiconv/lib/gbkext1.h', 436, 438 ]
347 silly gunzTarPerm extractEntry deps/libiconv/lib/gbkext2.h
348 silly gunzTarPerm modified mode [ 'deps/libiconv/lib/gbkext2.h', 436, 438 ]
349 silly gunzTarPerm extractEntry deps/libiconv/lib/gbkext_inv.h
350 silly gunzTarPerm modified mode [ 'deps/libiconv/lib/gbkext_inv.h', 436, 438 ]
351 silly gunzTarPerm extractEntry deps/libiconv/lib/genaliases.c
352 silly gunzTarPerm modified mode [ 'deps/libiconv/lib/genaliases.c', 436, 438 ]
353 silly gunzTarPerm extractEntry deps/libiconv/lib/genaliases2.c
354 silly gunzTarPerm modified mode [ 'deps/libiconv/lib/genaliases2.c', 436, 438 ]
355 silly gunzTarPerm extractEntry deps/libiconv/lib/genflags.c
356 silly gunzTarPerm modified mode [ 'deps/libiconv/lib/genflags.c', 436, 438 ]
357 silly gunzTarPerm extractEntry deps/libiconv/lib/gentranslit.c
358 silly gunzTarPerm modified mode [ 'deps/libiconv/lib/gentranslit.c', 436, 438 ]
359 silly gunzTarPerm extractEntry deps/libiconv/lib/georgian_academy.h
360 silly gunzTarPerm modified mode [ 'deps/libiconv/lib/georgian_academy.h', 436, 438 ]
361 silly gunzTarPerm extractEntry deps/libiconv/lib/georgian_ps.h
362 silly gunzTarPerm modified mode [ 'deps/libiconv/lib/georgian_ps.h', 436, 438 ]
363 silly gunzTarPerm extractEntry deps/libiconv/lib/hkscs1999.h
364 silly gunzTarPerm modified mode [ 'deps/libiconv/lib/hkscs1999.h', 436, 438 ]
365 silly gunzTarPerm extractEntry deps/libiconv/lib/hkscs2001.h
366 silly gunzTarPerm modified mode [ 'deps/libiconv/lib/hkscs2001.h', 436, 438 ]
367 silly gunzTarPerm extractEntry deps/libiconv/lib/hkscs2004.h
368 silly gunzTarPerm modified mode [ 'deps/libiconv/lib/hkscs2004.h', 436, 438 ]
369 silly gunzTarPerm extractEntry deps/libiconv/lib/hkscs2008.h
370 silly gunzTarPerm modified mode [ 'deps/libiconv/lib/hkscs2008.h', 436, 438 ]
371 silly gunzTarPerm extractEntry deps/libiconv/lib/hp_roman8.h
372 silly gunzTarPerm modified mode [ 'deps/libiconv/lib/hp_roman8.h', 436, 438 ]
373 silly gunzTarPerm extractEntry deps/libiconv/lib/hz.h
374 silly gunzTarPerm modified mode [ 'deps/libiconv/lib/hz.h', 436, 438 ]
375 silly gunzTarPerm extractEntry deps/libiconv/lib/iconv.c
376 silly gunzTarPerm modified mode [ 'deps/libiconv/lib/iconv.c', 436, 438 ]
377 silly gunzTarPerm extractEntry deps/libiconv/lib/iconv_open1.h
378 silly gunzTarPerm modified mode [ 'deps/libiconv/lib/iconv_open1.h', 436, 438 ]
379 silly gunzTarPerm extractEntry deps/libiconv/lib/iconv_open2.h
380 silly gunzTarPerm modified mode [ 'deps/libiconv/lib/iconv_open2.h', 436, 438 ]
381 silly gunzTarPerm extractEntry deps/libiconv/lib/iso2022_cn.h
382 silly gunzTarPerm modified mode [ 'deps/libiconv/lib/iso2022_cn.h', 436, 438 ]
383 silly gunzTarPerm extractEntry deps/libiconv/lib/iso2022_cnext.h
384 silly gunzTarPerm modified mode [ 'deps/libiconv/lib/iso2022_cnext.h', 436, 438 ]
385 silly gunzTarPerm extractEntry deps/libiconv/lib/iso2022_jp.h
386 silly gunzTarPerm modified mode [ 'deps/libiconv/lib/iso2022_jp.h', 436, 438 ]
387 silly gunzTarPerm extractEntry deps/libiconv/lib/iso2022_jp1.h
388 silly gunzTarPerm modified mode [ 'deps/libiconv/lib/iso2022_jp1.h', 436, 438 ]
389 silly gunzTarPerm extractEntry deps/libiconv/lib/iso2022_jp2.h
390 silly gunzTarPerm modified mode [ 'deps/libiconv/lib/iso2022_jp2.h', 436, 438 ]
391 silly gunzTarPerm extractEntry deps/libiconv/lib/iso2022_jp3.h
392 silly gunzTarPerm modified mode [ 'deps/libiconv/lib/iso2022_jp3.h', 436, 438 ]
393 silly gunzTarPerm extractEntry deps/libiconv/lib/iso2022_kr.h
394 silly gunzTarPerm modified mode [ 'deps/libiconv/lib/iso2022_kr.h', 436, 438 ]
395 silly gunzTarPerm extractEntry deps/libiconv/lib/iso646_cn.h
396 silly gunzTarPerm modified mode [ 'deps/libiconv/lib/iso646_cn.h', 436, 438 ]
397 silly gunzTarPerm extractEntry deps/libiconv/lib/iso646_jp.h
398 silly gunzTarPerm modified mode [ 'deps/libiconv/lib/iso646_jp.h', 436, 438 ]
399 silly gunzTarPerm extractEntry deps/libiconv/lib/iso8859_1.h
400 silly gunzTarPerm modified mode [ 'deps/libiconv/lib/iso8859_1.h', 436, 438 ]
401 silly gunzTarPerm extractEntry deps/libiconv/lib/iso8859_10.h
402 silly gunzTarPerm modified mode [ 'deps/libiconv/lib/iso8859_10.h', 436, 438 ]
403 silly gunzTarPerm extractEntry deps/libiconv/lib/iso8859_11.h
404 silly gunzTarPerm modified mode [ 'deps/libiconv/lib/iso8859_11.h', 436, 438 ]
405 silly gunzTarPerm extractEntry deps/libiconv/lib/iso8859_13.h
406 silly gunzTarPerm modified mode [ 'deps/libiconv/lib/iso8859_13.h', 436, 438 ]
407 silly gunzTarPerm extractEntry deps/libiconv/lib/iso8859_14.h
408 silly gunzTarPerm modified mode [ 'deps/libiconv/lib/iso8859_14.h', 436, 438 ]
409 silly gunzTarPerm extractEntry deps/libiconv/lib/iso8859_15.h
410 silly gunzTarPerm modified mode [ 'deps/libiconv/lib/iso8859_15.h', 436, 438 ]
411 silly gunzTarPerm extractEntry deps/libiconv/lib/iso8859_16.h
412 silly gunzTarPerm modified mode [ 'deps/libiconv/lib/iso8859_16.h', 436, 438 ]
413 silly gunzTarPerm extractEntry deps/libiconv/lib/iso8859_2.h
414 silly gunzTarPerm modified mode [ 'deps/libiconv/lib/iso8859_2.h', 436, 438 ]
415 silly gunzTarPerm extractEntry deps/libiconv/lib/iso8859_3.h
416 silly gunzTarPerm modified mode [ 'deps/libiconv/lib/iso8859_3.h', 436, 438 ]
417 silly gunzTarPerm extractEntry deps/libiconv/lib/iso8859_4.h
418 silly gunzTarPerm modified mode [ 'deps/libiconv/lib/iso8859_4.h', 436, 438 ]
419 silly gunzTarPerm extractEntry deps/libiconv/lib/iso8859_5.h
420 silly gunzTarPerm modified mode [ 'deps/libiconv/lib/iso8859_5.h', 436, 438 ]
421 silly gunzTarPerm extractEntry deps/libiconv/lib/iso8859_6.h
422 silly gunzTarPerm modified mode [ 'deps/libiconv/lib/iso8859_6.h', 436, 438 ]
423 silly gunzTarPerm extractEntry deps/libiconv/lib/iso8859_7.h
424 silly gunzTarPerm modified mode [ 'deps/libiconv/lib/iso8859_7.h', 436, 438 ]
425 silly gunzTarPerm extractEntry deps/libiconv/lib/iso8859_8.h
426 silly gunzTarPerm modified mode [ 'deps/libiconv/lib/iso8859_8.h', 436, 438 ]
427 silly gunzTarPerm extractEntry deps/libiconv/lib/iso8859_9.h
428 silly gunzTarPerm modified mode [ 'deps/libiconv/lib/iso8859_9.h', 436, 438 ]
429 silly gunzTarPerm extractEntry deps/libiconv/lib/isoir165.h
430 silly gunzTarPerm modified mode [ 'deps/libiconv/lib/isoir165.h', 436, 438 ]
431 silly gunzTarPerm extractEntry deps/libiconv/lib/isoir165ext.h
432 silly gunzTarPerm modified mode [ 'deps/libiconv/lib/isoir165ext.h', 436, 438 ]
433 silly gunzTarPerm extractEntry deps/libiconv/lib/java.h
434 silly gunzTarPerm modified mode [ 'deps/libiconv/lib/java.h', 436, 438 ]
435 silly gunzTarPerm extractEntry deps/libiconv/lib/jisx0201.h
436 silly gunzTarPerm modified mode [ 'deps/libiconv/lib/jisx0201.h', 436, 438 ]
437 silly gunzTarPerm extractEntry deps/libiconv/lib/jisx0208.h
438 silly gunzTarPerm modified mode [ 'deps/libiconv/lib/jisx0208.h', 436, 438 ]
439 silly gunzTarPerm extractEntry deps/libiconv/lib/jisx0212.h
440 silly gunzTarPerm modified mode [ 'deps/libiconv/lib/jisx0212.h', 436, 438 ]
441 silly gunzTarPerm extractEntry deps/libiconv/lib/jisx0213.h
442 silly gunzTarPerm modified mode [ 'deps/libiconv/lib/jisx0213.h', 436, 438 ]
443 silly gunzTarPerm extractEntry deps/libiconv/lib/johab.h
444 silly gunzTarPerm modified mode [ 'deps/libiconv/lib/johab.h', 436, 438 ]
445 silly gunzTarPerm extractEntry deps/libiconv/lib/johab_hangul.h
446 silly gunzTarPerm modified mode [ 'deps/libiconv/lib/johab_hangul.h', 436, 438 ]
447 silly gunzTarPerm extractEntry deps/libiconv/lib/koi8_r.h
448 silly gunzTarPerm modified mode [ 'deps/libiconv/lib/koi8_r.h', 436, 438 ]
449 silly gunzTarPerm extractEntry deps/libiconv/lib/koi8_ru.h
450 silly gunzTarPerm modified mode [ 'deps/libiconv/lib/koi8_ru.h', 436, 438 ]
451 silly gunzTarPerm extractEntry deps/libiconv/lib/koi8_t.h
452 silly gunzTarPerm modified mode [ 'deps/libiconv/lib/koi8_t.h', 436, 438 ]
453 silly gunzTarPerm extractEntry deps/libiconv/lib/koi8_u.h
454 silly gunzTarPerm modified mode [ 'deps/libiconv/lib/koi8_u.h', 436, 438 ]
455 silly gunzTarPerm extractEntry deps/libiconv/lib/ksc5601.h
456 silly gunzTarPerm modified mode [ 'deps/libiconv/lib/ksc5601.h', 436, 438 ]
457 silly gunzTarPerm extractEntry deps/libiconv/lib/loop_unicode.h
458 silly gunzTarPerm modified mode [ 'deps/libiconv/lib/loop_unicode.h', 436, 438 ]
459 silly gunzTarPerm extractEntry deps/libiconv/lib/loop_wchar.h
460 silly gunzTarPerm modified mode [ 'deps/libiconv/lib/loop_wchar.h', 436, 438 ]
461 silly gunzTarPerm extractEntry deps/libiconv/lib/loops.h
462 silly gunzTarPerm modified mode [ 'deps/libiconv/lib/loops.h', 436, 438 ]
463 silly gunzTarPerm extractEntry deps/libiconv/lib/mac_arabic.h
464 silly gunzTarPerm modified mode [ 'deps/libiconv/lib/mac_arabic.h', 436, 438 ]
465 silly gunzTarPerm extractEntry deps/libiconv/lib/mac_centraleurope.h
466 silly gunzTarPerm modified mode [ 'deps/libiconv/lib/mac_centraleurope.h', 436, 438 ]
467 silly gunzTarPerm extractEntry deps/libiconv/lib/mac_croatian.h
468 silly gunzTarPerm modified mode [ 'deps/libiconv/lib/mac_croatian.h', 436, 438 ]
469 silly gunzTarPerm extractEntry deps/libiconv/lib/mac_cyrillic.h
470 silly gunzTarPerm modified mode [ 'deps/libiconv/lib/mac_cyrillic.h', 436, 438 ]
471 silly gunzTarPerm extractEntry deps/libiconv/lib/mac_greek.h
472 silly gunzTarPerm modified mode [ 'deps/libiconv/lib/mac_greek.h', 436, 438 ]
473 silly gunzTarPerm extractEntry deps/libiconv/lib/mac_hebrew.h
474 silly gunzTarPerm modified mode [ 'deps/libiconv/lib/mac_hebrew.h', 436, 438 ]
475 silly gunzTarPerm extractEntry deps/libiconv/lib/mac_iceland.h
476 silly gunzTarPerm modified mode [ 'deps/libiconv/lib/mac_iceland.h', 436, 438 ]
477 silly gunzTarPerm extractEntry deps/libiconv/lib/mac_roman.h
478 silly gunzTarPerm modified mode [ 'deps/libiconv/lib/mac_roman.h', 436, 438 ]
479 silly gunzTarPerm extractEntry deps/libiconv/lib/mac_romania.h
480 silly gunzTarPerm modified mode [ 'deps/libiconv/lib/mac_romania.h', 436, 438 ]
481 silly gunzTarPerm extractEntry deps/libiconv/lib/mac_thai.h
482 silly gunzTarPerm modified mode [ 'deps/libiconv/lib/mac_thai.h', 436, 438 ]
483 silly gunzTarPerm extractEntry deps/libiconv/lib/mac_turkish.h
484 silly gunzTarPerm modified mode [ 'deps/libiconv/lib/mac_turkish.h', 436, 438 ]
485 silly gunzTarPerm extractEntry deps/libiconv/lib/mac_ukraine.h
486 silly gunzTarPerm modified mode [ 'deps/libiconv/lib/mac_ukraine.h', 436, 438 ]
487 silly gunzTarPerm extractEntry deps/libiconv/lib/mulelao.h
488 silly gunzTarPerm modified mode [ 'deps/libiconv/lib/mulelao.h', 436, 438 ]
489 silly gunzTarPerm extractEntry deps/libiconv/lib/nextstep.h
490 silly gunzTarPerm modified mode [ 'deps/libiconv/lib/nextstep.h', 436, 438 ]
491 silly gunzTarPerm extractEntry deps/libiconv/lib/pt154.h
492 silly gunzTarPerm modified mode [ 'deps/libiconv/lib/pt154.h', 436, 438 ]
493 silly gunzTarPerm extractEntry deps/libiconv/lib/relocatable.c
494 silly gunzTarPerm modified mode [ 'deps/libiconv/lib/relocatable.c', 436, 438 ]
495 silly gunzTarPerm extractEntry deps/libiconv/lib/relocatable.h
496 silly gunzTarPerm modified mode [ 'deps/libiconv/lib/relocatable.h', 436, 438 ]
497 silly gunzTarPerm extractEntry deps/libiconv/lib/riscos1.h
498 silly gunzTarPerm modified mode [ 'deps/libiconv/lib/riscos1.h', 436, 438 ]
499 silly gunzTarPerm extractEntry deps/libiconv/lib/rk1048.h
500 silly gunzTarPerm modified mode [ 'deps/libiconv/lib/rk1048.h', 436, 438 ]
501 silly gunzTarPerm extractEntry deps/libiconv/lib/shift_jisx0213.h
502 silly gunzTarPerm modified mode [ 'deps/libiconv/lib/shift_jisx0213.h', 436, 438 ]
503 silly gunzTarPerm extractEntry deps/libiconv/lib/sjis.h
504 silly gunzTarPerm modified mode [ 'deps/libiconv/lib/sjis.h', 436, 438 ]
505 silly gunzTarPerm extractEntry deps/libiconv/lib/tcvn.h
506 silly gunzTarPerm modified mode [ 'deps/libiconv/lib/tcvn.h', 436, 438 ]
507 silly gunzTarPerm extractEntry deps/libiconv/lib/tds565.h
508 silly gunzTarPerm modified mode [ 'deps/libiconv/lib/tds565.h', 436, 438 ]
509 silly gunzTarPerm extractEntry deps/libiconv/lib/tis620.h
510 silly gunzTarPerm modified mode [ 'deps/libiconv/lib/tis620.h', 436, 438 ]
511 silly gunzTarPerm extractEntry deps/libiconv/lib/translit.def
512 silly gunzTarPerm modified mode [ 'deps/libiconv/lib/translit.def', 436, 438 ]
513 silly gunzTarPerm extractEntry deps/libiconv/lib/translit.h
514 silly gunzTarPerm modified mode [ 'deps/libiconv/lib/translit.h', 436, 438 ]
515 silly gunzTarPerm extractEntry deps/libiconv/lib/ucs2.h
516 silly gunzTarPerm modified mode [ 'deps/libiconv/lib/ucs2.h', 436, 438 ]
517 silly gunzTarPerm extractEntry deps/libiconv/lib/ucs2be.h
518 silly gunzTarPerm modified mode [ 'deps/libiconv/lib/ucs2be.h', 436, 438 ]
519 silly gunzTarPerm extractEntry deps/libiconv/lib/ucs2internal.h
520 silly gunzTarPerm modified mode [ 'deps/libiconv/lib/ucs2internal.h', 436, 438 ]
521 silly gunzTarPerm extractEntry deps/libiconv/lib/ucs2le.h
522 silly gunzTarPerm modified mode [ 'deps/libiconv/lib/ucs2le.h', 436, 438 ]
523 silly gunzTarPerm extractEntry deps/libiconv/lib/ucs2swapped.h
524 silly gunzTarPerm modified mode [ 'deps/libiconv/lib/ucs2swapped.h', 436, 438 ]
525 silly gunzTarPerm extractEntry deps/libiconv/lib/ucs4.h
526 silly gunzTarPerm modified mode [ 'deps/libiconv/lib/ucs4.h', 436, 438 ]
527 silly gunzTarPerm extractEntry deps/libiconv/lib/ucs4be.h
528 silly gunzTarPerm modified mode [ 'deps/libiconv/lib/ucs4be.h', 436, 438 ]
529 silly gunzTarPerm extractEntry deps/libiconv/lib/ucs4internal.h
530 silly gunzTarPerm modified mode [ 'deps/libiconv/lib/ucs4internal.h', 436, 438 ]
531 silly gunzTarPerm extractEntry deps/libiconv/lib/ucs4le.h
532 silly gunzTarPerm modified mode [ 'deps/libiconv/lib/ucs4le.h', 436, 438 ]
533 silly gunzTarPerm extractEntry deps/libiconv/lib/ucs4swapped.h
534 silly gunzTarPerm modified mode [ 'deps/libiconv/lib/ucs4swapped.h', 436, 438 ]
535 silly gunzTarPerm extractEntry deps/libiconv/lib/uhc_1.h
536 silly gunzTarPerm modified mode [ 'deps/libiconv/lib/uhc_1.h', 436, 438 ]
537 silly gunzTarPerm extractEntry deps/libiconv/lib/uhc_2.h
538 silly gunzTarPerm modified mode [ 'deps/libiconv/lib/uhc_2.h', 436, 438 ]
539 silly gunzTarPerm extractEntry deps/libiconv/lib/utf16.h
540 silly gunzTarPerm modified mode [ 'deps/libiconv/lib/utf16.h', 436, 438 ]
541 silly gunzTarPerm extractEntry deps/libiconv/lib/utf16be.h
542 silly gunzTarPerm modified mode [ 'deps/libiconv/lib/utf16be.h', 436, 438 ]
543 silly gunzTarPerm extractEntry deps/libiconv/lib/utf16le.h
544 silly gunzTarPerm modified mode [ 'deps/libiconv/lib/utf16le.h', 436, 438 ]
545 silly gunzTarPerm extractEntry deps/libiconv/lib/utf32.h
546 silly gunzTarPerm modified mode [ 'deps/libiconv/lib/utf32.h', 436, 438 ]
547 silly gunzTarPerm extractEntry deps/libiconv/lib/utf32be.h
548 silly gunzTarPerm modified mode [ 'deps/libiconv/lib/utf32be.h', 436, 438 ]
549 silly gunzTarPerm extractEntry deps/libiconv/lib/utf32le.h
550 silly gunzTarPerm modified mode [ 'deps/libiconv/lib/utf32le.h', 436, 438 ]
551 silly gunzTarPerm extractEntry deps/libiconv/lib/utf7.h
552 silly gunzTarPerm modified mode [ 'deps/libiconv/lib/utf7.h', 436, 438 ]
553 silly gunzTarPerm extractEntry deps/libiconv/lib/utf8.h
554 silly gunzTarPerm modified mode [ 'deps/libiconv/lib/utf8.h', 436, 438 ]
555 silly gunzTarPerm extractEntry deps/libiconv/lib/vietcomb.h
556 silly gunzTarPerm modified mode [ 'deps/libiconv/lib/vietcomb.h', 436, 438 ]
557 silly gunzTarPerm extractEntry deps/libiconv/lib/viscii.h
558 silly gunzTarPerm modified mode [ 'deps/libiconv/lib/viscii.h', 436, 438 ]
559 silly gunzTarPerm extractEntry lib/iconv.js
560 silly gunzTarPerm modified mode [ 'lib/iconv.js', 436, 438 ]
561 silly gunzTarPerm extractEntry src/binding.cc
562 silly gunzTarPerm modified mode [ 'src/binding.cc', 436, 438 ]
563 silly gunzTarPerm extractEntry support/config.h
564 silly gunzTarPerm modified mode [ 'support/config.h', 436, 438 ]
565 silly gunzTarPerm extractEntry support/iconv.h
566 silly gunzTarPerm modified mode [ 'support/iconv.h', 436, 438 ]
567 silly gunzTarPerm extractEntry test/test-basic.js
568 silly gunzTarPerm modified mode [ 'test/test-basic.js', 436, 438 ]
569 silly gunzTarPerm extractEntry test/test-big-buffer.js
570 silly gunzTarPerm modified mode [ 'test/test-big-buffer.js', 436, 438 ]
571 silly gunzTarPerm extractEntry test/test-stream.js
572 silly gunzTarPerm modified mode [ 'test/test-stream.js', 436, 438 ]
573 silly gunzTarPerm extractEntry test/fixtures/lorem-ipsum.txt
574 silly gunzTarPerm modified mode [ 'test/fixtures/lorem-ipsum.txt', 436, 438 ]
575 info preinstall iconv@2.1.7
576 silly prepareForInstallMany adding nan@~1.8.0 from iconv dependencies
577 silly cache add args [ 'nan@~1.8.0', null ]
578 verbose cache add spec nan@~1.8.0
579 silly cache add parsed spec { raw: 'nan@~1.8.0',
579 silly cache add   scope: null,
579 silly cache add   name: 'nan',
579 silly cache add   rawSpec: '~1.8.0',
579 silly cache add   spec: '>=1.8.0 <1.9.0',
579 silly cache add   type: 'range' }
580 verbose addNamed nan@>=1.8.0 <1.9.0
581 silly addNamed semver.valid null
582 silly addNamed semver.validRange >=1.8.0 <1.9.0
583 silly addNameRange { name: 'nan', range: '>=1.8.0 <1.9.0', hasData: false }
584 silly mapToRegistry name nan
585 silly mapToRegistry using default registry
586 silly mapToRegistry registry https://registry.npmjs.org/
587 silly mapToRegistry uri https://registry.npmjs.org/nan
588 verbose addNameRange registry:https://registry.npmjs.org/nan not in flight; fetching
589 verbose request uri https://registry.npmjs.org/nan
590 verbose request no auth needed
591 info attempt registry request try #1 at 2:45:04 PM
592 verbose etag "560ZHVEP0DOKC8XVXCA3VTZHE"
593 http request GET https://registry.npmjs.org/nan
594 http 304 https://registry.npmjs.org/nan
595 silly get cb [ 304,
595 silly get   { date: 'Thu, 21 May 2015 11:45:05 GMT',
595 silly get     via: '1.1 varnish',
595 silly get     'cache-control': 'max-age=60',
595 silly get     etag: '"560ZHVEP0DOKC8XVXCA3VTZHE"',
595 silly get     age: '38',
595 silly get     connection: 'keep-alive',
595 silly get     'x-served-by': 'cache-lhr6328-LHR',
595 silly get     'x-cache': 'HIT',
595 silly get     'x-cache-hits': '2',
595 silly get     'x-timer': 'S1432208705.697526,VS0,VE0',
595 silly get     vary: 'Accept' } ]
596 verbose etag https://registry.npmjs.org/nan from cache
597 verbose get saving nan to C:\Users\חיים\AppData\Roaming\npm-cache\registry.npmjs.org\nan\.cache.json
598 silly addNameRange number 2 { name: 'nan', range: '>=1.8.0 <1.9.0', hasData: true }
599 silly addNameRange versions [ 'nan',
599 silly addNameRange   [ '0.3.0-wip',
599 silly addNameRange     '0.3.0-wip2',
599 silly addNameRange     '0.3.0',
599 silly addNameRange     '0.3.1',
599 silly addNameRange     '0.3.2',
599 silly addNameRange     '0.4.0',
599 silly addNameRange     '0.4.1',
599 silly addNameRange     '0.4.2',
599 silly addNameRange     '0.4.3',
599 silly addNameRange     '0.4.4',
599 silly addNameRange     '0.5.0',
599 silly addNameRange     '0.5.1',
599 silly addNameRange     '0.5.2',
599 silly addNameRange     '0.6.0',
599 silly addNameRange     '0.7.0',
599 silly addNameRange     '0.7.1',
599 silly addNameRange     '0.8.0',
599 silly addNameRange     '1.0.0',
599 silly addNameRange     '1.1.0',
599 silly addNameRange     '1.1.1',
599 silly addNameRange     '1.1.2',
599 silly addNameRange     '1.2.0',
599 silly addNameRange     '1.3.0',
599 silly addNameRange     '1.4.0',
599 silly addNameRange     '1.4.1',
599 silly addNameRange     '1.5.0',
599 silly addNameRange     '1.4.2',
599 silly addNameRange     '1.4.3',
599 silly addNameRange     '1.5.1',
599 silly addNameRange     '1.5.2',
599 silly addNameRange     '1.6.0',
599 silly addNameRange     '1.5.3',
599 silly addNameRange     '1.6.1',
599 silly addNameRange     '1.6.2',
599 silly addNameRange     '1.7.0',
599 silly addNameRange     '1.8.0',
599 silly addNameRange     '1.8.1',
599 silly addNameRange     '1.8.2',
599 silly addNameRange     '1.8.3',
599 silly addNameRange     '1.8.4' ] ]
600 verbose addNamed nan@1.8.4
601 silly addNamed semver.valid 1.8.4
602 silly addNamed semver.validRange 1.8.4
603 silly cache afterAdd nan@1.8.4
604 verbose afterAdd C:\Users\חיים\AppData\Roaming\npm-cache\nan\1.8.4\package\package.json not in flight; writing
605 verbose afterAdd C:\Users\חיים\AppData\Roaming\npm-cache\nan\1.8.4\package\package.json written
606 silly install resolved [ { name: 'nan',
606 silly install resolved     version: '1.8.4',
606 silly install resolved     description: 'Native Abstractions for Node.js: C++ header for Node 0.8->0.12 compatibility',
606 silly install resolved     main: 'include_dirs.js',
606 silly install resolved     repository: { type: 'git', url: 'git://github.com/iojs/nan.git' },
606 silly install resolved     scripts:
606 silly install resolved      { test: 'tap --gc test/js/*-test.js',
606 silly install resolved        'rebuild-tests': 'pangyp rebuild --directory test' },
606 silly install resolved     contributors:
606 silly install resolved      [ [Object],
606 silly install resolved        [Object],
606 silly install resolved        [Object],
606 silly install resolved        [Object],
606 silly install resolved        [Object],
606 silly install resolved        [Object],
606 silly install resolved        [Object] ],
606 silly install resolved     devDependencies:
606 silly install resolved      { bindings: '~1.2.1',
606 silly install resolved        'node-gyp': '~1.0.2',
606 silly install resolved        pangyp: '~2.0.1',
606 silly install resolved        tap: '~0.7.1',
606 silly install resolved        xtend: '~4.0.0' },
606 silly install resolved     license: 'MIT',
606 silly install resolved     gitHead: 'ed3bbf4ced0cf7937b4e4164766797f71aa97f3d',
606 silly install resolved     bugs: { url: 'https://github.com/iojs/nan/issues' },
606 silly install resolved     homepage: 'https://github.com/iojs/nan#readme',
606 silly install resolved     _id: 'nan@1.8.4',
606 silly install resolved     _shasum: '3c76b5382eab33e44b758d2813ca9d92e9342f34',
606 silly install resolved     _from: 'nan@>=1.8.0 <1.9.0',
606 silly install resolved     _npmVersion: '2.8.3',
606 silly install resolved     _nodeVersion: '0.12.2',
606 silly install resolved     _npmUser: { name: 'kkoopa', email: 'bbyholm@abo.fi' },
606 silly install resolved     maintainers: [ [Object], [Object] ],
606 silly install resolved     dist:
606 silly install resolved      { shasum: '3c76b5382eab33e44b758d2813ca9d92e9342f34',
606 silly install resolved        tarball: 'http://registry.npmjs.org/nan/-/nan-1.8.4.tgz' },
606 silly install resolved     directories: {},
606 silly install resolved     _resolved: 'https://registry.npmjs.org/nan/-/nan-1.8.4.tgz',
606 silly install resolved     readme: 'ERROR: No README data found!' } ]
607 info install nan@1.8.4 into C:\Users\חיים\Documents\GitHub\shenkar_ws2\node_modules\iconv
608 info installOne nan@1.8.4
609 verbose installOne of nan to C:\Users\חיים\Documents\GitHub\shenkar_ws2\node_modules\iconv not in flight; installing
610 verbose lock using C:\Users\חיים\AppData\Roaming\npm-cache\_locks\nan-4ab41114a4ff9585.lock for C:\Users\חיים\Documents\GitHub\shenkar_ws2\node_modules\iconv\node_modules\nan
611 silly install write writing nan 1.8.4 to C:\Users\חיים\Documents\GitHub\shenkar_ws2\node_modules\iconv\node_modules\nan
612 silly cache addNamed cb nan@1.8.4
613 verbose unbuild node_modules\iconv\node_modules\nan
614 verbose gentlyRm vacuuming C:\Users\חיים\Documents\GitHub\shenkar_ws2\node_modules\iconv\node_modules\nan
615 verbose tar unpack C:\Users\חיים\AppData\Roaming\npm-cache\nan\1.8.4\package.tgz
616 verbose tar unpacking to C:\Users\חיים\Documents\GitHub\shenkar_ws2\node_modules\iconv\node_modules\nan
617 verbose gentlyRm vacuuming C:\Users\חיים\Documents\GitHub\shenkar_ws2\node_modules\iconv\node_modules\nan
618 silly gunzTarPerm modes [ '777', '666' ]
619 silly gunzTarPerm extractEntry package.json
620 silly gunzTarPerm modified mode [ 'package.json', 436, 438 ]
621 silly gunzTarPerm extractEntry README.md
622 silly gunzTarPerm modified mode [ 'README.md', 436, 438 ]
623 silly gunzTarPerm extractEntry include_dirs.js
624 silly gunzTarPerm modified mode [ 'include_dirs.js', 436, 438 ]
625 silly gunzTarPerm extractEntry LICENSE.md
626 silly gunzTarPerm modified mode [ 'LICENSE.md', 436, 438 ]
627 silly gunzTarPerm extractEntry .dntrc
628 silly gunzTarPerm modified mode [ '.dntrc', 436, 438 ]
629 silly gunzTarPerm extractEntry appveyor.yml
630 silly gunzTarPerm modified mode [ 'appveyor.yml', 436, 438 ]
631 silly gunzTarPerm extractEntry nan.h
632 silly gunzTarPerm modified mode [ 'nan.h', 436, 438 ]
633 silly gunzTarPerm extractEntry nan_implementation_12_inl.h
634 silly gunzTarPerm modified mode [ 'nan_implementation_12_inl.h', 436, 438 ]
635 silly gunzTarPerm extractEntry nan_implementation_pre_12_inl.h
636 silly gunzTarPerm modified mode [ 'nan_implementation_pre_12_inl.h', 436, 438 ]
637 silly gunzTarPerm extractEntry nan_new.h
638 silly gunzTarPerm modified mode [ 'nan_new.h', 436, 438 ]
639 silly gunzTarPerm extractEntry nan_string_bytes.h
640 silly gunzTarPerm modified mode [ 'nan_string_bytes.h', 436, 438 ]
641 silly gunzTarPerm extractEntry CHANGELOG.md
642 silly gunzTarPerm modified mode [ 'CHANGELOG.md', 436, 438 ]
643 info preinstall nan@1.8.4
644 silly install resolved []
645 verbose about to build C:\Users\חיים\Documents\GitHub\shenkar_ws2\node_modules\iconv\node_modules\nan
646 info build C:\Users\חיים\Documents\GitHub\shenkar_ws2\node_modules\iconv\node_modules\nan
647 verbose linkStuff [ false,
647 verbose linkStuff   false,
647 verbose linkStuff   false,
647 verbose linkStuff   'C:\\Users\\חיים\\Documents\\GitHub\\shenkar_ws2\\node_modules\\iconv\\node_modules' ]
648 info linkStuff nan@1.8.4
649 verbose linkBins nan@1.8.4
650 verbose linkMans nan@1.8.4
651 verbose rebuildBundles nan@1.8.4
652 info install nan@1.8.4
653 info postinstall nan@1.8.4
654 verbose unlock done using C:\Users\חיים\AppData\Roaming\npm-cache\_locks\nan-4ab41114a4ff9585.lock for C:\Users\חיים\Documents\GitHub\shenkar_ws2\node_modules\iconv\node_modules\nan
655 verbose about to build C:\Users\חיים\Documents\GitHub\shenkar_ws2\node_modules\iconv
656 info build C:\Users\חיים\Documents\GitHub\shenkar_ws2\node_modules\iconv
657 verbose linkStuff [ false,
657 verbose linkStuff   false,
657 verbose linkStuff   false,
657 verbose linkStuff   'C:\\Users\\חיים\\Documents\\GitHub\\shenkar_ws2\\node_modules' ]
658 info linkStuff iconv@2.1.7
659 verbose linkBins iconv@2.1.7
660 verbose linkMans iconv@2.1.7
661 verbose rebuildBundles iconv@2.1.7
662 verbose rebuildBundles [ 'nan' ]
663 info install iconv@2.1.7
664 verbose unsafe-perm in lifecycle true
665 info iconv@2.1.7 Failed to exec install script
666 verbose unlock done using C:\Users\חיים\AppData\Roaming\npm-cache\_locks\iconv-f7807149dd947299.lock for C:\Users\חיים\Documents\GitHub\shenkar_ws2\node_modules\iconv
667 verbose stack Error: iconv@2.1.7 install: `node-gyp rebuild`
667 verbose stack Exit status 1
667 verbose stack     at EventEmitter.<anonymous> (C:\Program Files (x86)\nodejs\node_modules\npm\lib\utils\lifecycle.js:213:16)
667 verbose stack     at EventEmitter.emit (events.js:110:17)
667 verbose stack     at ChildProcess.<anonymous> (C:\Program Files (x86)\nodejs\node_modules\npm\lib\utils\spawn.js:14:12)
667 verbose stack     at ChildProcess.emit (events.js:110:17)
667 verbose stack     at maybeClose (child_process.js:1008:16)
667 verbose stack     at Process.ChildProcess._handle.onexit (child_process.js:1080:5)
668 verbose pkgid iconv@2.1.7
669 verbose cwd C:\Users\חיים\Documents\GitHub\shenkar_ws2
670 error Windows_NT 6.2.9200
671 error argv "C:\\Program Files (x86)\\nodejs\\\\node.exe" "C:\\Program Files (x86)\\nodejs\\node_modules\\npm\\bin\\npm-cli.js" "install" "--save" "iconv"
672 error node v0.12.0
673 error npm  v2.5.1
674 error code ELIFECYCLE
675 error iconv@2.1.7 install: `node-gyp rebuild`
675 error Exit status 1
676 error Failed at the iconv@2.1.7 install script 'node-gyp rebuild'.
676 error This is most likely a problem with the iconv package,
676 error not with npm itself.
676 error Tell the author that this fails on your system:
676 error     node-gyp rebuild
676 error You can get their info via:
676 error     npm owner ls iconv
676 error There is likely additional logging output above.
677 verbose exit [ 1, true ]
678 verbose unbuild node_modules\iconv
679 info preuninstall iconv@2.1.7
680 info uninstall iconv@2.1.7
681 verbose unbuild rmStuff iconv@2.1.7 from C:\Users\חיים\Documents\GitHub\shenkar_ws2\node_modules
682 info postuninstall iconv@2.1.7
683 verbose gentlyRm vacuuming C:\Users\חיים\Documents\GitHub\shenkar_ws2\node_modules\iconv
684 silly gentlyRm purging C:\Users\חיים\Documents\GitHub\shenkar_ws2\node_modules\iconv
685 silly gentlyRm quitting because other entries in C:\Users\חיים\Documents\GitHub\shenkar_ws2\node_modules
